[      57ms] [WARNING] DEPRECATED JS - Cookie has been deprecated since 5.8.0 and will be removed in a future release. Use cookie instead.   
     at assign (<anonymous>) @ https://aui-cdn.atlassian.com/aui-adg/6.0.8/js/aui.min.js:0
[     417ms] [WARNING]   WARN  [Statsig] Failed to flush events. @ https://outsystemsrd.atlassian.net/browse/RFC-3922:108
[    7407ms] [WARNING]   WARN  [Statsig] Failed to flush events. @ https://outsystemsrd.atlassian.net/browse/RFC-2704:108
[   14142ms] [WARNING] DEPRECATED JS - Cookie has been deprecated since 5.8.0 and will be removed in a future release. Use cookie instead.   
     at b.default (https://d1djf86zuskawn.cloudfront.net/outsystemsrd.atlassian.net/s/d41d8cd98f00b204e9800998ecf8427e-CDN/150dpd/b/0/749d89030d3effb8c4f9bdf0f7a97850/_/download/contextbatch/js/jira.webresources:skate,jira.webresources:dialogs,jira.webresources:jira-global,jira.webresources:key-commands,com.atlassian.administration.atlassian-admin-quicksearch-jira:admin-quicksearch-webresources,com.atlassian.jira.plugins.jira-development-integration-plugin:devsummarycf-resources-init,jira.webresources:util-lite,jira.webresources:util,jira.webresources:feature-flags,com.atlassian.auiplugin:aui-spinner,com.atlassian.jira.jira-client-analytics-plugin:analytics-web-client,jira.webresources:header,jira.webresources:global-static,com.atlassian.jira.plugins.jira-development-integration-plugin:repository-shortcuts-navigation-next,com.atlassian.analytics.analytics-client:js-events,com.atlassian.jira.jira-issue-nav-plugin:stylesheets,com.atlassian.crowd.user-provisioning-vertigo-plugin:impersonation-resources,com.atlassian.jira.jira-atlaskit-plugin:overrides-general,com.atlassian.pas:pas-everypage-static,com.atlassian.auiplugin:dialog2,com.atlassian.jira.plugins.jira-browser-metrics:contrib,com.atlassian.plugins.browser.metrics.browser-metrics-plugin:api,com.pyxis.greenhopper.jira:gh-create-board-adg3-no-condition,com.atlassian.plugins.browser.metrics.browser-metrics-plugin:impl,-jira.heritage.critical/batch.js?locale=en-US:29:209) @ https://d1djf86zuskawn.cloudfront.net/outsystemsrd.atlassian.net/s/d41d8cd98f00b204e9800998ecf8427e-CDN/150dpd/b/0/749d89030d3effb8c4f9bdf0f7a97850/_/download/contextbatch/js/jira.webresources:skate,jira.webresources:dialogs,jira.webresources:jira-global,jira.webresources:key-commands,com.atlassian.administration.atlassian-admin-quicksearch-jira:admin-quicksearch-webresources,com.atlassian.jira.plugins.jira-development-integration-plugin:devsummarycf-resources-init,jira.webresources:util-lite,jira.webresources:util,jira.webresources:feature-flags,com.atlassian.auiplugin:aui-spinner,com.atlassian.jira.jira-client-analytics-plugin:analytics-web-client,jira.webresources:header,jira.webresources:global-static,com.atlassian.jira.plugins.jira-development-integration-plugin:repository-shortcuts-navigation-next,com.atlassian.analytics.analytics-client:js-events,com.atlassian.jira.jira-issue-nav-plugin:stylesheets,com.atlassian.crowd.user-provisioning-vertigo-plugin:impersonation-resources,com.atlassian.jira.jira-atlaskit-plugin:overrides-general,com.atlassian.pas:pas-everypage-static,com.atlassian.auiplugin:dialog2,com.atlassian.jira.plugins.jira-browser-metrics:contrib,com.atlassian.plugins.browser.metrics.browser-metrics-plugin:api,com.pyxis.greenhopper.jira:gh-create-board-adg3-no-condition,com.atlassian.plugins.browser.metrics.browser-metrics-plugin:impl,-jira.heritage.critical/batch.js?locale=en-US:31
[   14647ms] [WARNING] DEPRECATED JS - Dropdown constructor has been deprecated and will be removed in a future release. Use Dropdown2 instead.   
     at HTMLDocument.<anonymous> (https://d1djf86zuskawn.cloudfront.net/outsystemsrd.atlassian.net/s/d41d8cd98f00b204e9800998ecf8427e-CDN/150dpd/b/0/749d89030d3effb8c4f9bdf0f7a97850/_/download/contextbatch/js/jira.webresources:skate,jira.webresources:dialogs,jira.webresources:jira-global,jira.webresources:key-commands,com.atlassian.administration.atlassian-admin-quicksearch-jira:admin-quicksearch-webresources,com.atlassian.jira.plugins.jira-development-integration-plugin:devsummarycf-resources-init,jira.webresources:util-lite,jira.webresources:util,jira.webresources:feature-flags,com.atlassian.auiplugin:aui-spinner,com.atlassian.jira.jira-client-analytics-plugin:analytics-web-client,jira.webresources:header,jira.webresources:global-static,com.atlassian.jira.plugins.jira-development-integration-plugin:repository-shortcuts-navigation-next,com.atlassian.analytics.analytics-client:js-events,com.atlassian.jira.jira-issue-nav-plugin:stylesheets,com.atlassian.crowd.user-provisioning-vertigo-plugin:impersonation-resources,com.atlassian.jira.jira-atlaskit-plugin:overrides-general,com.atlassian.pas:pas-everypage-static,com.atlassian.auiplugin:dialog2,com.atlassian.jira.plugins.jira-browser-metrics:contrib,com.atlassian.plugins.browser.metrics.browser-metrics-plugin:api,com.pyxis.greenhopper.jira:gh-create-board-adg3-no-condition,com.atlassian.plugins.browser.metrics.browser-metrics-plugin:impl,-jira.heritage.critical/batch.js?locale=en-US:3629:201) @ https://d1djf86zuskawn.cloudfront.net/outsystemsrd.atlassian.net/s/d41d8cd98f00b204e9800998ecf8427e-CDN/150dpd/b/0/749d89030d3effb8c4f9bdf0f7a97850/_/download/contextbatch/js/jira.webresources:skate,jira.webresources:dialogs,jira.webresources:jira-global,jira.webresources:key-commands,com.atlassian.administration.atlassian-admin-quicksearch-jira:admin-quicksearch-webresources,com.atlassian.jira.plugins.jira-development-integration-plugin:devsummarycf-resources-init,jira.webresources:util-lite,jira.webresources:util,jira.webresources:feature-flags,com.atlassian.auiplugin:aui-spinner,com.atlassian.jira.jira-client-analytics-plugin:analytics-web-client,jira.webresources:header,jira.webresources:global-static,com.atlassian.jira.plugins.jira-development-integration-plugin:repository-shortcuts-navigation-next,com.atlassian.analytics.analytics-client:js-events,com.atlassian.jira.jira-issue-nav-plugin:stylesheets,com.atlassian.crowd.user-provisioning-vertigo-plugin:impersonation-resources,com.atlassian.jira.jira-atlaskit-plugin:overrides-general,com.atlassian.pas:pas-everypage-static,com.atlassian.auiplugin:dialog2,com.atlassian.jira.plugins.jira-browser-metrics:contrib,com.atlassian.plugins.browser.metrics.browser-metrics-plugin:api,com.pyxis.greenhopper.jira:gh-create-board-adg3-no-condition,com.atlassian.plugins.browser.metrics.browser-metrics-plugin:impl,-jira.heritage.critical/batch.js?locale=en-US:31
[   16461ms] [WARNING] Multiple versions of FeatureGateClients found on the current page.
      The currently bound version is 0.0.0-use.local when module version 4.23.4 was loading. @ https://jira-frontend-bifrost.prod-east.frontend.public.atl-paas.net/assets/async-connect-js-api.980c3a00.js:1
[   19318ms] TypeError: Failed to construct 'URL': Invalid URL
    at https://spjira.my.salesforce-sites.com/jslibrary/1746634854260/sfdc/IframeThirdPartyContextLogging.js:5:90
    at https://spjira.my.salesforce-sites.com/jslibrary/1746634854260/sfdc/IframeThirdPartyContextLogging.js:7:309
[   19254ms] [WARNING] DEPRECATED JS - Cookie has been deprecated since 5.8.0 and will be removed in a future release. Use cookie instead.   
     at assign (<anonymous>) @ https://aui-cdn.atlassian.com/aui-adg/6.0.8/js/aui.min.js:0
[   19310ms] [WARNING] DEPRECATED JS - Cookie has been deprecated since 5.8.0 and will be removed in a future release. Use cookie instead.   
     at assign (<anonymous>) @ https://aui-cdn.atlassian.com/aui-adg/6.0.8/js/aui.min.js:0
[   19364ms] [ERROR] (node) warning: possible EventEmitter memory leak detected. 11 listeners added. Use emitter.setMaxListeners() to increase limit. @ https://jira-frontend-bifrost.prod-east.frontend.public.atl-paas.net/assets/@atlaskit-internal_media-browser.9c186f7e.js:1
[   19365ms] [ERROR] (node) warning: possible EventEmitter memory leak detected. 11 listeners added. Use emitter.setMaxListeners() to increase limit. @ https://jira-frontend-bifrost.prod-east.frontend.public.atl-paas.net/assets/@atlaskit-internal_media-browser.9c186f7e.js:1
[   24260ms] Error: Failed to load image
    at HTMLImageElement.<anonymous> (https://outsystemsrd.atlassian.net/browse/RFC-4213:1412:2509)
[   24261ms] Error: Failed to load image
    at HTMLImageElement.<anonymous> (https://outsystemsrd.atlassian.net/browse/RFC-4213:1472:2509)
[   24262ms] Error: Failed to load image
    at HTMLImageElement.<anonymous> (https://outsystemsrd.atlassian.net/browse/RFC-4213:1311:6909)
[   24262ms] Error: Failed to load image
    at HTMLImageElement.<anonymous> (https://outsystemsrd.atlassian.net/browse/RFC-4213:2000:2509)
[   24339ms] Error: Failed to load image
    at HTMLImageElement.<anonymous> (https://outsystemsrd.atlassian.net/browse/RFC-4213:1592:2509)
[   24340ms] Error: Failed to load image
    at HTMLImageElement.<anonymous> (https://outsystemsrd.atlassian.net/browse/RFC-4213:1532:2509)
[   24340ms] Error: Failed to load image
    at HTMLImageElement.<anonymous> (https://outsystemsrd.atlassian.net/browse/RFC-4213:1712:2509)
[   24341ms] Error: Failed to load image
    at HTMLImageElement.<anonymous> (https://outsystemsrd.atlassian.net/browse/RFC-4213:1652:2509)
[   24342ms] Error: Failed to load image
    at HTMLImageElement.<anonymous> (https://outsystemsrd.atlassian.net/browse/RFC-4213:1952:2509)
[   24343ms] Error: Failed to load image
    at HTMLImageElement.<anonymous> (https://outsystemsrd.atlassian.net/browse/RFC-4213:1958:2509)
[   24343ms] Error: Failed to load image
    at HTMLImageElement.<anonymous> (https://outsystemsrd.atlassian.net/browse/RFC-4213:1772:2509)
[   24344ms] Error: Failed to load image
    at HTMLImageElement.<anonymous> (https://outsystemsrd.atlassian.net/browse/RFC-4213:1892:2509)
[   24344ms] Error: Failed to load image
    at HTMLImageElement.<anonymous> (https://outsystemsrd.atlassian.net/browse/RFC-4213:1832:2509)
[   24345ms] Error: Failed to load image
    at HTMLImageElement.<anonymous> (https://outsystemsrd.atlassian.net/browse/RFC-4213:2168:2509)
[   24346ms] Error: Failed to load image
    at HTMLImageElement.<anonymous> (https://outsystemsrd.atlassian.net/browse/RFC-4213:2138:2509)
[   24347ms] Error: Failed to load image
    at HTMLImageElement.<anonymous> (https://outsystemsrd.atlassian.net/browse/RFC-4213:2144:2509)
[   24348ms] Error: Failed to load image
    at HTMLImageElement.<anonymous> (https://outsystemsrd.atlassian.net/browse/RFC-4213:2162:2509)
[   24460ms] Error: Failed to load image
    at HTMLImageElement.<anonymous> (https://outsystemsrd.atlassian.net/browse/RFC-4213:2150:2509)
[   24460ms] Error: Failed to load image
    at HTMLImageElement.<anonymous> (https://outsystemsrd.atlassian.net/browse/RFC-4213:2228:2509)
[   24461ms] Error: Failed to load image
    at HTMLImageElement.<anonymous> (https://outsystemsrd.atlassian.net/browse/RFC-4213:2186:2509)
[   24462ms] Error: Failed to load image
    at HTMLImageElement.<anonymous> (https://outsystemsrd.atlassian.net/browse/RFC-4213:2210:2509)
[   24463ms] Error: Failed to load image
    at HTMLImageElement.<anonymous> (https://outsystemsrd.atlassian.net/browse/RFC-4213:2204:2509)
[   24463ms] Error: Failed to load image
    at HTMLImageElement.<anonymous> (https://outsystemsrd.atlassian.net/browse/RFC-4213:2156:2509)
[   24463ms] Error: Failed to load image
    at HTMLImageElement.<anonymous> (https://outsystemsrd.atlassian.net/browse/RFC-4213:2198:2509)
[   24464ms] Error: Failed to load image
    at HTMLImageElement.<anonymous> (https://outsystemsrd.atlassian.net/browse/RFC-4213:2174:2509)
[   24464ms] Error: Failed to load image
    at HTMLImageElement.<anonymous> (https://outsystemsrd.atlassian.net/browse/RFC-4213:2192:2509)
[   24465ms] Error: Failed to load image
    at HTMLImageElement.<anonymous> (https://outsystemsrd.atlassian.net/browse/RFC-4213:2216:2509)
[   24465ms] Error: Failed to load image
    at HTMLImageElement.<anonymous> (https://outsystemsrd.atlassian.net/browse/RFC-4213:2012:2509)
[   24466ms] Error: Failed to load image
    at HTMLImageElement.<anonymous> (https://outsystemsrd.atlassian.net/browse/RFC-4213:2222:2509)
[   24467ms] Error: Failed to load image
    at HTMLImageElement.<anonymous> (https://outsystemsrd.atlassian.net/browse/RFC-4213:2180:2509)
[   24467ms] Error: Failed to load image
    at HTMLImageElement.<anonymous> (https://outsystemsrd.atlassian.net/browse/RFC-4213:2072:2509)
[   34610ms] [WARNING] DEPRECATED JS - Cookie has been deprecated since 5.8.0 and will be removed in a future release. Use cookie instead.   
     at b.default (https://d1djf86zuskawn.cloudfront.net/outsystemsrd.atlassian.net/s/d41d8cd98f00b204e9800998ecf8427e-CDN/150dpd/b/0/749d89030d3effb8c4f9bdf0f7a97850/_/download/contextbatch/js/jira.webresources:skate,jira.webresources:dialogs,jira.webresources:jira-global,jira.webresources:key-commands,com.atlassian.administration.atlassian-admin-quicksearch-jira:admin-quicksearch-webresources,com.atlassian.jira.plugins.jira-development-integration-plugin:devsummarycf-resources-init,jira.webresources:util-lite,jira.webresources:util,jira.webresources:feature-flags,com.atlassian.auiplugin:aui-spinner,com.atlassian.jira.jira-client-analytics-plugin:analytics-web-client,jira.webresources:header,jira.webresources:global-static,com.atlassian.jira.plugins.jira-development-integration-plugin:repository-shortcuts-navigation-next,com.atlassian.analytics.analytics-client:js-events,com.atlassian.jira.jira-issue-nav-plugin:stylesheets,com.atlassian.crowd.user-provisioning-vertigo-plugin:impersonation-resources,com.atlassian.jira.jira-atlaskit-plugin:overrides-general,com.atlassian.pas:pas-everypage-static,com.atlassian.auiplugin:dialog2,com.atlassian.jira.plugins.jira-browser-metrics:contrib,com.atlassian.plugins.browser.metrics.browser-metrics-plugin:api,com.pyxis.greenhopper.jira:gh-create-board-adg3-no-condition,com.atlassian.plugins.browser.metrics.browser-metrics-plugin:impl,-jira.heritage.critical/batch.js?locale=en-US:29:209) @ https://d1djf86zuskawn.cloudfront.net/outsystemsrd.atlassian.net/s/d41d8cd98f00b204e9800998ecf8427e-CDN/150dpd/b/0/749d89030d3effb8c4f9bdf0f7a97850/_/download/contextbatch/js/jira.webresources:skate,jira.webresources:dialogs,jira.webresources:jira-global,jira.webresources:key-commands,com.atlassian.administration.atlassian-admin-quicksearch-jira:admin-quicksearch-webresources,com.atlassian.jira.plugins.jira-development-integration-plugin:devsummarycf-resources-init,jira.webresources:util-lite,jira.webresources:util,jira.webresources:feature-flags,com.atlassian.auiplugin:aui-spinner,com.atlassian.jira.jira-client-analytics-plugin:analytics-web-client,jira.webresources:header,jira.webresources:global-static,com.atlassian.jira.plugins.jira-development-integration-plugin:repository-shortcuts-navigation-next,com.atlassian.analytics.analytics-client:js-events,com.atlassian.jira.jira-issue-nav-plugin:stylesheets,com.atlassian.crowd.user-provisioning-vertigo-plugin:impersonation-resources,com.atlassian.jira.jira-atlaskit-plugin:overrides-general,com.atlassian.pas:pas-everypage-static,com.atlassian.auiplugin:dialog2,com.atlassian.jira.plugins.jira-browser-metrics:contrib,com.atlassian.plugins.browser.metrics.browser-metrics-plugin:api,com.pyxis.greenhopper.jira:gh-create-board-adg3-no-condition,com.atlassian.plugins.browser.metrics.browser-metrics-plugin:impl,-jira.heritage.critical/batch.js?locale=en-US:31
[   35480ms] [WARNING] DEPRECATED JS - Dropdown constructor has been deprecated and will be removed in a future release. Use Dropdown2 instead.   
     at HTMLDocument.<anonymous> (https://d1djf86zuskawn.cloudfront.net/outsystemsrd.atlassian.net/s/d41d8cd98f00b204e9800998ecf8427e-CDN/150dpd/b/0/749d89030d3effb8c4f9bdf0f7a97850/_/download/contextbatch/js/jira.webresources:skate,jira.webresources:dialogs,jira.webresources:jira-global,jira.webresources:key-commands,com.atlassian.administration.atlassian-admin-quicksearch-jira:admin-quicksearch-webresources,com.atlassian.jira.plugins.jira-development-integration-plugin:devsummarycf-resources-init,jira.webresources:util-lite,jira.webresources:util,jira.webresources:feature-flags,com.atlassian.auiplugin:aui-spinner,com.atlassian.jira.jira-client-analytics-plugin:analytics-web-client,jira.webresources:header,jira.webresources:global-static,com.atlassian.jira.plugins.jira-development-integration-plugin:repository-shortcuts-navigation-next,com.atlassian.analytics.analytics-client:js-events,com.atlassian.jira.jira-issue-nav-plugin:stylesheets,com.atlassian.crowd.user-provisioning-vertigo-plugin:impersonation-resources,com.atlassian.jira.jira-atlaskit-plugin:overrides-general,com.atlassian.pas:pas-everypage-static,com.atlassian.auiplugin:dialog2,com.atlassian.jira.plugins.jira-browser-metrics:contrib,com.atlassian.plugins.browser.metrics.browser-metrics-plugin:api,com.pyxis.greenhopper.jira:gh-create-board-adg3-no-condition,com.atlassian.plugins.browser.metrics.browser-metrics-plugin:impl,-jira.heritage.critical/batch.js?locale=en-US:3629:201) @ https://d1djf86zuskawn.cloudfront.net/outsystemsrd.atlassian.net/s/d41d8cd98f00b204e9800998ecf8427e-CDN/150dpd/b/0/749d89030d3effb8c4f9bdf0f7a97850/_/download/contextbatch/js/jira.webresources:skate,jira.webresources:dialogs,jira.webresources:jira-global,jira.webresources:key-commands,com.atlassian.administration.atlassian-admin-quicksearch-jira:admin-quicksearch-webresources,com.atlassian.jira.plugins.jira-development-integration-plugin:devsummarycf-resources-init,jira.webresources:util-lite,jira.webresources:util,jira.webresources:feature-flags,com.atlassian.auiplugin:aui-spinner,com.atlassian.jira.jira-client-analytics-plugin:analytics-web-client,jira.webresources:header,jira.webresources:global-static,com.atlassian.jira.plugins.jira-development-integration-plugin:repository-shortcuts-navigation-next,com.atlassian.analytics.analytics-client:js-events,com.atlassian.jira.jira-issue-nav-plugin:stylesheets,com.atlassian.crowd.user-provisioning-vertigo-plugin:impersonation-resources,com.atlassian.jira.jira-atlaskit-plugin:overrides-general,com.atlassian.pas:pas-everypage-static,com.atlassian.auiplugin:dialog2,com.atlassian.jira.plugins.jira-browser-metrics:contrib,com.atlassian.plugins.browser.metrics.browser-metrics-plugin:api,com.pyxis.greenhopper.jira:gh-create-board-adg3-no-condition,com.atlassian.plugins.browser.metrics.browser-metrics-plugin:impl,-jira.heritage.critical/batch.js?locale=en-US:31
[   37549ms] [ERROR] (node) warning: possible EventEmitter memory leak detected. 11 listeners added. Use emitter.setMaxListeners() to increase limit. @ https://jira-frontend-bifrost.prod-east.frontend.public.atl-paas.net/assets/@atlaskit-internal_media-browser.9c186f7e.js:1
[   37550ms] [ERROR] (node) warning: possible EventEmitter memory leak detected. 11 listeners added. Use emitter.setMaxListeners() to increase limit. @ https://jira-frontend-bifrost.prod-east.frontend.public.atl-paas.net/assets/@atlaskit-internal_media-browser.9c186f7e.js:1
[   39300ms] [WARNING] Multiple versions of FeatureGateClients found on the current page.
      The currently bound version is 0.0.0-use.local when module version 4.23.4 was loading. @ https://jira-frontend-bifrost.prod-east.frontend.public.atl-paas.net/assets/async-connect-js-api.980c3a00.js:1
[   49795ms] [WARNING] DEPRECATED JS - Cookie has been deprecated since 5.8.0 and will be removed in a future release. Use cookie instead.   
     at b.default (https://d1djf86zuskawn.cloudfront.net/outsystemsrd.atlassian.net/s/d41d8cd98f00b204e9800998ecf8427e-CDN/150dpd/b/0/749d89030d3effb8c4f9bdf0f7a97850/_/download/contextbatch/js/jira.webresources:skate,jira.webresources:dialogs,jira.webresources:jira-global,jira.webresources:key-commands,com.atlassian.administration.atlassian-admin-quicksearch-jira:admin-quicksearch-webresources,com.atlassian.jira.plugins.jira-development-integration-plugin:devsummarycf-resources-init,jira.webresources:util-lite,jira.webresources:util,jira.webresources:feature-flags,com.atlassian.auiplugin:aui-spinner,com.atlassian.jira.jira-client-analytics-plugin:analytics-web-client,jira.webresources:header,jira.webresources:global-static,com.atlassian.jira.plugins.jira-development-integration-plugin:repository-shortcuts-navigation-next,com.atlassian.analytics.analytics-client:js-events,com.atlassian.jira.jira-issue-nav-plugin:stylesheets,com.atlassian.crowd.user-provisioning-vertigo-plugin:impersonation-resources,com.atlassian.jira.jira-atlaskit-plugin:overrides-general,com.atlassian.pas:pas-everypage-static,com.atlassian.auiplugin:dialog2,com.atlassian.jira.plugins.jira-browser-metrics:contrib,com.atlassian.plugins.browser.metrics.browser-metrics-plugin:api,com.pyxis.greenhopper.jira:gh-create-board-adg3-no-condition,com.atlassian.plugins.browser.metrics.browser-metrics-plugin:impl,-jira.heritage.critical/batch.js?locale=en-US:29:209) @ https://d1djf86zuskawn.cloudfront.net/outsystemsrd.atlassian.net/s/d41d8cd98f00b204e9800998ecf8427e-CDN/150dpd/b/0/749d89030d3effb8c4f9bdf0f7a97850/_/download/contextbatch/js/jira.webresources:skate,jira.webresources:dialogs,jira.webresources:jira-global,jira.webresources:key-commands,com.atlassian.administration.atlassian-admin-quicksearch-jira:admin-quicksearch-webresources,com.atlassian.jira.plugins.jira-development-integration-plugin:devsummarycf-resources-init,jira.webresources:util-lite,jira.webresources:util,jira.webresources:feature-flags,com.atlassian.auiplugin:aui-spinner,com.atlassian.jira.jira-client-analytics-plugin:analytics-web-client,jira.webresources:header,jira.webresources:global-static,com.atlassian.jira.plugins.jira-development-integration-plugin:repository-shortcuts-navigation-next,com.atlassian.analytics.analytics-client:js-events,com.atlassian.jira.jira-issue-nav-plugin:stylesheets,com.atlassian.crowd.user-provisioning-vertigo-plugin:impersonation-resources,com.atlassian.jira.jira-atlaskit-plugin:overrides-general,com.atlassian.pas:pas-everypage-static,com.atlassian.auiplugin:dialog2,com.atlassian.jira.plugins.jira-browser-metrics:contrib,com.atlassian.plugins.browser.metrics.browser-metrics-plugin:api,com.pyxis.greenhopper.jira:gh-create-board-adg3-no-condition,com.atlassian.plugins.browser.metrics.browser-metrics-plugin:impl,-jira.heritage.critical/batch.js?locale=en-US:31
[   49984ms] [WARNING] DEPRECATED JS - Dropdown constructor has been deprecated and will be removed in a future release. Use Dropdown2 instead.   
     at HTMLDocument.<anonymous> (https://d1djf86zuskawn.cloudfront.net/outsystemsrd.atlassian.net/s/d41d8cd98f00b204e9800998ecf8427e-CDN/150dpd/b/0/749d89030d3effb8c4f9bdf0f7a97850/_/download/contextbatch/js/jira.webresources:skate,jira.webresources:dialogs,jira.webresources:jira-global,jira.webresources:key-commands,com.atlassian.administration.atlassian-admin-quicksearch-jira:admin-quicksearch-webresources,com.atlassian.jira.plugins.jira-development-integration-plugin:devsummarycf-resources-init,jira.webresources:util-lite,jira.webresources:util,jira.webresources:feature-flags,com.atlassian.auiplugin:aui-spinner,com.atlassian.jira.jira-client-analytics-plugin:analytics-web-client,jira.webresources:header,jira.webresources:global-static,com.atlassian.jira.plugins.jira-development-integration-plugin:repository-shortcuts-navigation-next,com.atlassian.analytics.analytics-client:js-events,com.atlassian.jira.jira-issue-nav-plugin:stylesheets,com.atlassian.crowd.user-provisioning-vertigo-plugin:impersonation-resources,com.atlassian.jira.jira-atlaskit-plugin:overrides-general,com.atlassian.pas:pas-everypage-static,com.atlassian.auiplugin:dialog2,com.atlassian.jira.plugins.jira-browser-metrics:contrib,com.atlassian.plugins.browser.metrics.browser-metrics-plugin:api,com.pyxis.greenhopper.jira:gh-create-board-adg3-no-condition,com.atlassian.plugins.browser.metrics.browser-metrics-plugin:impl,-jira.heritage.critical/batch.js?locale=en-US:3629:201) @ https://d1djf86zuskawn.cloudfront.net/outsystemsrd.atlassian.net/s/d41d8cd98f00b204e9800998ecf8427e-CDN/150dpd/b/0/749d89030d3effb8c4f9bdf0f7a97850/_/download/contextbatch/js/jira.webresources:skate,jira.webresources:dialogs,jira.webresources:jira-global,jira.webresources:key-commands,com.atlassian.administration.atlassian-admin-quicksearch-jira:admin-quicksearch-webresources,com.atlassian.jira.plugins.jira-development-integration-plugin:devsummarycf-resources-init,jira.webresources:util-lite,jira.webresources:util,jira.webresources:feature-flags,com.atlassian.auiplugin:aui-spinner,com.atlassian.jira.jira-client-analytics-plugin:analytics-web-client,jira.webresources:header,jira.webresources:global-static,com.atlassian.jira.plugins.jira-development-integration-plugin:repository-shortcuts-navigation-next,com.atlassian.analytics.analytics-client:js-events,com.atlassian.jira.jira-issue-nav-plugin:stylesheets,com.atlassian.crowd.user-provisioning-vertigo-plugin:impersonation-resources,com.atlassian.jira.jira-atlaskit-plugin:overrides-general,com.atlassian.pas:pas-everypage-static,com.atlassian.auiplugin:dialog2,com.atlassian.jira.plugins.jira-browser-metrics:contrib,com.atlassian.plugins.browser.metrics.browser-metrics-plugin:api,com.pyxis.greenhopper.jira:gh-create-board-adg3-no-condition,com.atlassian.plugins.browser.metrics.browser-metrics-plugin:impl,-jira.heritage.critical/batch.js?locale=en-US:31
[   50227ms] [WARNING] Multiple versions of FeatureGateClients found on the current page.
      The currently bound version is 0.0.0-use.local when module version 4.23.4 was loading. @ https://jira-frontend-bifrost.prod-east.frontend.public.atl-paas.net/assets/async-connect-js-api.980c3a00.js:1
[   52928ms] TypeError: Failed to construct 'URL': Invalid URL
    at https://spjira.my.salesforce-sites.com/jslibrary/1746634854260/sfdc/IframeThirdPartyContextLogging.js:5:90
    at https://spjira.my.salesforce-sites.com/jslibrary/1746634854260/sfdc/IframeThirdPartyContextLogging.js:7:309
[   53079ms] [WARNING] DEPRECATED JS - Cookie has been deprecated since 5.8.0 and will be removed in a future release. Use cookie instead.   
     at assign (<anonymous>) @ https://aui-cdn.atlassian.com/aui-adg/6.0.8/js/aui.min.js:0
[   53342ms] [WARNING] DEPRECATED JS - Cookie has been deprecated since 5.8.0 and will be removed in a future release. Use cookie instead.   
     at assign (<anonymous>) @ https://aui-cdn.atlassian.com/aui-adg/6.0.8/js/aui.min.js:0
[   55871ms] [WARNING] AJS's create element functionality has been deprecated since 5.9.0.
No alternative will be provided.
Use document.createElement() or jQuery.parseHTML(), or preferably use a templating library. @ https://d1djf86zuskawn.cloudfront.net/outsystemsrd.atlassian.net/s/d41d8cd98f00b204e9800998ecf8427e-CDN/150dpd/b/0/749d89030d3effb8c4f9bdf0f7a97850/_/download/contextbatch/js/jira.webresources:skate,jira.webresources:dialogs,jira.webresources:jira-global,jira.webresources:key-commands,com.atlassian.administration.atlassian-admin-quicksearch-jira:admin-quicksearch-webresources,com.atlassian.jira.plugins.jira-development-integration-plugin:devsummarycf-resources-init,jira.webresources:util-lite,jira.webresources:util,jira.webresources:feature-flags,com.atlassian.auiplugin:aui-spinner,com.atlassian.jira.jira-client-analytics-plugin:analytics-web-client,jira.webresources:header,jira.webresources:global-static,com.atlassian.jira.plugins.jira-development-integration-plugin:repository-shortcuts-navigation-next,com.atlassian.analytics.analytics-client:js-events,com.atlassian.jira.jira-issue-nav-plugin:stylesheets,com.atlassian.crowd.user-provisioning-vertigo-plugin:impersonation-resources,com.atlassian.jira.jira-atlaskit-plugin:overrides-general,com.atlassian.pas:pas-everypage-static,com.atlassian.auiplugin:dialog2,com.atlassian.jira.plugins.jira-browser-metrics:contrib,com.atlassian.plugins.browser.metrics.browser-metrics-plugin:api,com.pyxis.greenhopper.jira:gh-create-board-adg3-no-condition,com.atlassian.plugins.browser.metrics.browser-metrics-plugin:impl,-jira.heritage.critical/batch.js?locale=en-US:20
[   55879ms] [WARNING] DEPRECATED JS - Inline dialog constructor has been deprecated and will be removed in a future release. Use inline dialog 2 instead.   
     at l (https://d1djf86zuskawn.cloudfront.net/outsystemsrd.atlassian.net/s/d41d8cd98f00b204e9800998ecf8427e-CDN/150dpd/b/0/beb183fb8303632b5ef3e9337d0ab21a/_/download/contextbatch/js/jira.heritage.critical/batch.js:6:2054) @ https://d1djf86zuskawn.cloudfront.net/outsystemsrd.atlassian.net/s/d41d8cd98f00b204e9800998ecf8427e-CDN/150dpd/b/0/749d89030d3effb8c4f9bdf0f7a97850/_/download/contextbatch/js/jira.webresources:skate,jira.webresources:dialogs,jira.webresources:jira-global,jira.webresources:key-commands,com.atlassian.administration.atlassian-admin-quicksearch-jira:admin-quicksearch-webresources,com.atlassian.jira.plugins.jira-development-integration-plugin:devsummarycf-resources-init,jira.webresources:util-lite,jira.webresources:util,jira.webresources:feature-flags,com.atlassian.auiplugin:aui-spinner,com.atlassian.jira.jira-client-analytics-plugin:analytics-web-client,jira.webresources:header,jira.webresources:global-static,com.atlassian.jira.plugins.jira-development-integration-plugin:repository-shortcuts-navigation-next,com.atlassian.analytics.analytics-client:js-events,com.atlassian.jira.jira-issue-nav-plugin:stylesheets,com.atlassian.crowd.user-provisioning-vertigo-plugin:impersonation-resources,com.atlassian.jira.jira-atlaskit-plugin:overrides-general,com.atlassian.pas:pas-everypage-static,com.atlassian.auiplugin:dialog2,com.atlassian.jira.plugins.jira-browser-metrics:contrib,com.atlassian.plugins.browser.metrics.browser-metrics-plugin:api,com.pyxis.greenhopper.jira:gh-create-board-adg3-no-condition,com.atlassian.plugins.browser.metrics.browser-metrics-plugin:impl,-jira.heritage.critical/batch.js?locale=en-US:31
[   55967ms] [ERROR] Failed to initialize LaunchDarkly with user null, and environment PRODUCTION. Using default flag values. @ https://assets.hydrogen.sagittarius.connect.product.adaptavist.com/public/js/shell.5989d642e8c7246399d8.js:0
[   56055ms] [ERROR] Failed to initialize LaunchDarkly with user null, and environment PRODUCTION. Using default flag values. @ https://assets.hydrogen.sagittarius.connect.product.adaptavist.com/public/js/shell.5989d642e8c7246399d8.js:0
[   56531ms] [WARNING] DEPRECATED JS - Cookie has been deprecated since 5.8.0 and will be removed in a future release. Use cookie instead.   
     at assign (<anonymous>) @ https://aui-cdn.atlassian.com/aui-adg/6.0.8/js/aui.min.js:0
[   57643ms] [WARNING] Deprecated API for given entry type. @ https://jira-frontend-bifrost.prod-east.frontend.public.atl-paas.net/assets/create-payloads.4977f535.js:1
[   64818ms] [WARNING] IndexedDB timed out. @ https://d1djf86zuskawn.cloudfront.net/outsystemsrd.atlassian.net/s/d41d8cd98f00b204e9800998ecf8427e-CDN/150dpd/b/0/749d89030d3effb8c4f9bdf0f7a97850/_/download/contextbatch/js/jira.webresources:skate,jira.webresources:dialogs,jira.webresources:jira-global,jira.webresources:key-commands,com.atlassian.administration.atlassian-admin-quicksearch-jira:admin-quicksearch-webresources,com.atlassian.jira.plugins.jira-development-integration-plugin:devsummarycf-resources-init,jira.webresources:util-lite,jira.webresources:util,jira.webresources:feature-flags,com.atlassian.auiplugin:aui-spinner,com.atlassian.jira.jira-client-analytics-plugin:analytics-web-client,jira.webresources:header,jira.webresources:global-static,com.atlassian.jira.plugins.jira-development-integration-plugin:repository-shortcuts-navigation-next,com.atlassian.analytics.analytics-client:js-events,com.atlassian.jira.jira-issue-nav-plugin:stylesheets,com.atlassian.crowd.user-provisioning-vertigo-plugin:impersonation-resources,com.atlassian.jira.jira-atlaskit-plugin:overrides-general,com.atlassian.pas:pas-everypage-static,com.atlassian.auiplugin:dialog2,com.atlassian.jira.plugins.jira-browser-metrics:contrib,com.atlassian.plugins.browser.metrics.browser-metrics-plugin:api,com.pyxis.greenhopper.jira:gh-create-board-adg3-no-condition,com.atlassian.plugins.browser.metrics.browser-metrics-plugin:impl,-jira.heritage.critical/batch.js?locale=en-US:3200
